
Jun 28, 2018 10:04:22.56 NEW SESSION
Jun 28, 2018 10:04:22.56 Unable to read VR Path Registry from C:\Users\MAYANK\AppData\Local\openvr\openvrpaths.vrpath
Jun 28, 2018 10:04:23.28 Unable to read VR Path Registry from C:\Users\MAYANK\AppData\Local\openvr\openvrpaths.vrpath
Jun 28, 2018 10:04:24.11 Unable to read VR Path Registry from C:\Users\MAYANK\AppData\Local\openvr\openvrpaths.vrpath
Jun 28, 2018 10:04:25.10 Unable to read VR Path Registry from C:\Users\MAYANK\AppData\Local\openvr\openvrpaths.vrpath
Jun 28, 2018 10:04:26.41 Unable to read VR Path Registry from C:\Users\MAYANK\AppData\Local\openvr\openvrpaths.vrpath
Jun 28, 2018 10:05:28.94 [Child 9048, Chrom[Child 1224, Chrome_ChildThread] WARNING: pipe error: 109: file z:/build/build/src/ipc/chromium/src/chrome/common/ipc_channel_win.cc, line 346
Jun 28, 2018 10:05:29.43 [Child 1224, Chrome_ChildThread] WARNING: pipe er[Child 9952, Chrome_Child
Jun 28, 2018 10:05:29.44 ###!!! [Child][MessageChannel::SendAndWait] Error: Channel error: cannot send/recv
Jun 28, 2018 10:05:29.45 
Jun 28, 2018 10:06:00.77 Unable to read VR Path Registry from C:\Users\MAYANK\AppData\Local\openvr\openvrpaths.vrpath
Jun 28, 2018 10:06:00.95 Unable to read VR Path Registry from C:\Users\MAYANK\AppData\Local\openvr\openvrpaths.vrpath
Jun 28, 2018 10:06:01.27 Unable to read VR Path Registry from C:\Users\MAYANK\AppData\Local\openvr\openvrpaths.vrpath
Jun 28, 2018 10:06:02.27 Unable to read VR Path Registry from C:\Users\MAYANK\AppData\Local\openvr\openvrpaths.vrpath
Jun 28, 2018 10:06:02.88 Unable to read VR Path Registry from C:\Users\MAYANK\AppData\Local\openvr\openvrpaths.vrpath
Jun 28, 2018 10:06:04.72 [Child 11844, Chrome_ChildThread] WARNING: pipe error: 109: file z:/build/build/src/ipc/chromium/src/chrome/common/ipc_channel_win.cc, line 346
Jun 28, 2018 10:06:04.74 [Child 11844, Chrome_ChildThread] WA[CRNIhiNG:ld 11516, Chrome_ChildThread] WARNING: pipe error: 109: file z:/build/build/src/ipc/chromium/src/chrome/common/ipc_channel_win.cc, line 346
Jun 28, 2018 10:06:04.74 [Child 11516, Chrome_ChildThread] WARNING: pipe error[Parent 7796, Gecko_IOThread] WARNING: pipe error: 109: file z:/build/build/src/ipc/chromium/src/chrome/common/ipc_channel_win.cc, line 346
Jun 28, 2018 10:06:05.39 
Jun 28, 2018 10:06:05.39 ###!!! [Child][MessageChannel::SendAndWait] Error: Channel error: cannot send/recv
Jun 28, 2018 10:06:05.42 
Jun 28, 2018 10:07:10.14 Unable to read VR Path Registry from C:\Users\MAYANK\AppData\Local\openvr\openvrpaths.vrpath
Jun 28, 2018 10:07:10.32 Unable to read VR Path Registry from C:\Users\MAYANK\AppData\Local\openvr\openvrpaths.vrpath
Jun 28, 2018 10:07:10.62 Unable to read VR Path Registry from C:\Users\MAYANK\AppData\Local\openvr\openvrpaths.vrpath
Jun 28, 2018 10:07:11.65 Unable to read VR Path Registry from C:\Users\MAYANK\AppData\Local\openvr\openvrpaths.vrpath
Jun 28, 2018 10:07:12.26 Unable to read VR Path Registry from C:\Users\MAYANK\AppData\Local\openvr\openvrpaths.vrpath
Jun 28, 2018 10:07:19.17 [Parent 9764, Gecko_IOThread] WARNING: pipe error: 109: file z:/build/build/src/ipc/chromium/src/chrome/common/ipc_channel_win.cc, line 346
Jun 28, 2018 10:07:19.65 [GPU 6352, Chrome_ChildThread] WARNING: pipe error: 109: file z:/build/build/src/ipc/chromium/src/chrome/common/ipc_channel_win.cc, line 346
Jun 28, 2018 10:07:19.67 
Jun 28, 2018 10:07:19.68 ###!!! [Child][MessageChannel::SendAndWait] Error: Channel error: cannot send/recv
Jun 28, 2018 10:07:19.68 

Jul 03, 2018 23:12:41.09 NEW SESSION
Jul 03, 2018 23:12:41.09 Unable to read VR Path Registry from C:\Users\MAYANK\AppData\Local\openvr\openvrpaths.vrpath
Jul 03, 2018 23:12:42.00 Unable to read VR Path Registry from C:\Users\MAYANK\AppData\Local\openvr\openvrpaths.vrpath
Jul 03, 2018 23:12:43.06 Unable to read VR Path Registry from C:\Users\MAYANK\AppData\Local\openvr\openvrpaths.vrpath
Jul 03, 2018 23:12:44.66 Unable to read VR Path Registry from C:\Users\MAYANK\AppData\Local\openvr\openvrpaths.vrpath
Jul 03, 2018 23:12:46.40 Unable to read VR Path Registry from C:\Users\MAYANK\AppData\Local\openvr\openvrpaths.vrpath

Jul 11, 2018 21:07:36.23 NEW SESSION
Jul 11, 2018 21:07:36.23 Unable to read VR Path Registry from C:\Users\MAYANK\AppData\Local\openvr\openvrpaths.vrpath
Jul 11, 2018 21:07:37.13 Unable to read VR Path Registry from C:\Users\MAYANK\AppData\Local\openvr\openvrpaths.vrpath
Jul 11, 2018 21:07:38.52 Unable to read VR Path Registry from C:\Users\MAYANK\AppData\Local\openvr\openvrpaths.vrpath
Jul 11, 2018 21:07:39.75 Unable to read VR Path Registry from C:\Users\MAYANK\AppData\Local\openvr\openvrpaths.vrpath
Jul 11, 2018 21:07:41.32 Unable to read VR Path Registry from C:\Users\MAYANK\AppData\Local\openvr\openvrpaths.vrpath
Jul 11, 2018 21:09:45.53 Unable to read VR Path Registry from C:\Users\MAYANK\AppData\Local\openvr\openvrpaths.vrpath
Jul 11, 2018 21:09:49.35 [Parent 10816, Gecko_IOThread] WARNING: pipe error: 109: file z:/build/build/src/ipc/chromium/src/chrome/common/ipc_channel_win.cc, line 346
Jul 11, 2018 21:09:49.36 [Child 5640, Chrome_ChildThread] WARNING: pipe error: 109: file z:/build/build/src/ipc/chromium/src/chrome/common/ipc_channel_win.cc, line 346

Jul 12, 2018 21:00:50.22 NEW SESSION
Jul 12, 2018 21:00:50.22 Unable to read VR Path Registry from C:\Users\MAYANK\AppData\Local\openvr\openvrpaths.vrpath
Jul 12, 2018 21:00:51.17 Unable to read VR Path Registry from C:\Users\MAYANK\AppData\Local\openvr\openvrpaths.vrpath
Jul 12, 2018 21:00:51.83 Unable to read VR Path Registry from C:\Users\MAYANK\AppData\Local\openvr\openvrpaths.vrpath
Jul 12, 2018 21:00:53.24 Unable to read VR Path Registry from C:\Users\MAYANK\AppData\Local\openvr\openvrpaths.vrpath
Jul 12, 2018 21:00:54.64 Unable to read VR Path Registry from C:\Users\MAYANK\AppData\Local\openvr\openvrpaths.vrpath
Jul 12, 2018 21:01:28.04 Unable to read VR Path Registry from C:\Users\MAYANK\AppData\Local\openvr\openvrpaths.vrpath
Jul 12, 2018 21:17:47.83 [Child 10068, Chrome_ChildThread] WARNING: pipe error: 109: file z:/build/build/src/ipc/chromium/src/chrome/common/ipc_channel_win.cc, line 346
Jul 12, 2018 21:17:48.22 [Child 10068, Chrome_ChildThread] WARNING: pipe error: 10
Jul 12, 2018 21:17:48.23 ###!!! [Child][MessageChannel::SendAndWait] Error: Channel error: cannot send/recv
Jul 12, 2018 21:17:48.24 

Jul 13, 2018 17:25:10.76 NEW SESSION
Jul 13, 2018 17:25:10.79 Unable to read VR Path Registry from C:\Users\MAYANK\AppData\Local\openvr\openvrpaths.vrpath
Jul 13, 2018 17:25:11.20 Unable to read VR Path Registry from C:\Users\MAYANK\AppData\Local\openvr\openvrpaths.vrpath
Jul 13, 2018 17:25:12.25 Unable to read VR Path Registry from C:\Users\MAYANK\AppData\Local\openvr\openvrpaths.vrpath
Jul 13, 2018 17:25:13.95 Unable to read VR Path Registry from C:\Users\MAYANK\AppData\Local\openvr\openvrpaths.vrpath
Jul 13, 2018 17:25:14.88 Unable to read VR Path Registry from C:\Users\MAYANK\AppData\Local\openvr\openvrpaths.vrpath
Jul 13, 2018 17:25:18.27 [Parent 10268, Gecko_IOThread] WARNING: pipe error: 109: file z:/build/build/src/ipc/chromium/src/chrome/common/ipc_channel_win.cc, line 346
Jul 13, 2018 17:25:18.31 [Child 608, Chrome_ChildThread] WARNING: pipe error: 109: file z:/build/build/src/ipc/chromium/src/chrome/common/ipc_channel_win.cc, line 346
Jul 13, 2018 17:25:18.32 [Child 608, Chrome_ChildThread] WARNING: [Child 10436, Chrome_ChildThread] WARNING: pipe error: 109: file z:/build/build/src/ipc/chromium/src/chrome/common/ipc_channel_win.cc, line 346
Jul 13, 2018 17:25:18.53 [Child 10436, Chrome_Child[Parent 10268, Gecko_IOThread] WARNING: pipe error: 109: file z:/build/build/src/ipc/chromium/src/chrome/common/ipc_channel_win.cc, line 346
Jul 13, 2018 17:25:20.26 
Jul 13, 2018 17:25:20.28 ###!!! [Child][MessageChannel::SendAndWait] Error: Channel error: cannot send/recv
Jul 13, 2018 17:25:20.29 
Jul 13, 2018 17:32:41.14 Unable to read VR Path Registry from C:\Users\MAYANK\AppData\Local\openvr\openvrpaths.vrpath
Jul 13, 2018 17:32:41.29 Unable to read VR Path Registry from C:\Users\MAYANK\AppData\Local\openvr\openvrpaths.vrpath
Jul 13, 2018 17:32:41.67 Unable to read VR Path Registry from C:\Users\MAYANK\AppData\Local\openvr\openvrpaths.vrpath
Jul 13, 2018 17:32:42.54 Unable to read VR Path Registry from C:\Users\MAYANK\AppData\Local\openvr\openvrpaths.vrpath
Jul 13, 2018 17:32:43.21 Unable to read VR Path Registry from C:\Users\MAYANK\AppData\Local\openvr\openvrpaths.vrpath

Jul 16, 2018 15:28:14.16 NEW SESSION
Jul 16, 2018 15:28:14.16 Unable to read VR Path Registry from C:\Users\MAYANK\AppData\Local\openvr\openvrpaths.vrpath
Jul 16, 2018 15:28:14.31 Unable to read VR Path Registry from C:\Users\MAYANK\AppData\Local\openvr\openvrpaths.vrpath
Jul 16, 2018 15:28:14.65 Unable to read VR Path Registry from C:\Users\MAYANK\AppData\Local\openvr\openvrpaths.vrpath
Jul 16, 2018 15:28:15.41 Unable to read VR Path Registry from C:\Users\MAYANK\AppData\Local\openvr\openvrpaths.vrpath
Jul 16, 2018 15:28:16.13 Unable to read VR Path Registry from C:\Users\MAYANK\AppData\Local\openvr\openvrpaths.vrpath
Jul 16, 2018 15:29:14.40 Unable to read VR Path Registry from C:\Users\MAYANK\AppData\Local\openvr\openvrpaths.vrpath
Jul 16, 2018 15:30:23.38 Unable to read VR Path Registry from C:\Users\MAYANK\AppData\Local\openvr\openvrpaths.vrpath
Jul 16, 2018 15:33:02.34 [Parent 2156, Gecko_IOThread] WARNING: pipe error: 109: file z:/build/build/src/ipc/chromium/src/chrome/common/ipc_channel_win.cc, line 346
Jul 16, 2018 15:33:02.35 [Child 9044, Chrome_ChildThread] WARNING: pipe error: 109: file z:/build/build/src/ipc/chromium/src/chrome/common/ipc_channel_win.cc, line 346
Jul 16, 2018 15:33:04.85 [Child 9044, Chrome_ChildThre[Parent 2156, Gecko_IOThread] WARNING: pipe error: 109: file z:/build/build/src/ipc/chromium/src/chrome/common/ipc_channel_win.cc, line 346
Jul 16, 2018 15:33:04.86 [Child 5448, Chrome_ChildThread] WARNING: pipe error: 109: file z:/build/build/src/ipc/chromium/src/chrome/common/ipc_channel_win.cc, line 346
Jul 16, 2018 15:33:06.95 [Child 5448, Chrome_ChildThread] WARNING: pi[Parent 2156, Gecko_IOThread] WARNING: pipe error: 109: file z:/build/build/src/ipc/chromium/src/chrome/common/ipc_channel_win.cc, line 346
Jul 16, 2018 15:33:06.96 [Child 12212, Chrome_ChildThread] WARNING: pipe error: 109: file z:/build/build/src/ipc/chromium/src/chrome/common/ipc_channel_win.cc, line 346
Jul 16, 2018 15:33:09.04 [Child 12212, Chrome_ChildThread] WARNING: pipe erro[Child 5672, Chrome_ChildThread] WARNING: pipe error: 109: file z:/build/build/src/ipc/chromium/src/chrome/common/ipc_channel_win.cc, line 346
Jul 16, 2018 15:33:09.07 [Child 5672, Chrome_ChildThread] WARNING: pipe error: 109: file z:/build/build/src/ipc/chromium/src/chrome/common/ipc_channel_win.cc, line 346
Jul 16, 2018 15:33:09.12 [Parent 2156, Gecko_IOThread] WARNING: pipe error: 109: file z:/build/build/src/ipc/chromium/src/chrome/common/ipc_channel_win.cc, line 346
Jul 16, 2018 15:33:09.13 [Child 5908, Chrome_ChildThread] WARNING: pipe error: 109: file z:/build/build/src/ipc/chromium/src/chrome/common/ipc_channel_win.cc, line 346
Jul 16, 2018 15:33:09.58 [Child 5908, Chrome_ChildThread] WARNING: pipe error: 109: file z:/build/build/src/ipc/chromium/s[GPU 7672, Chrome_ChildThread] WARNING: pipe err
Jul 16, 2018 15:33:09.59 ###!!! [Child][MessageChannel::SendAndWait] Error: Channel error: cannot send/recv
Jul 16, 2018 15:33:09.60 
Jul 16, 2018 17:36:29.70 Unable to read VR Path Registry from C:\Users\MAYANK\AppData\Local\openvr\openvrpaths.vrpath
Jul 16, 2018 17:36:29.89 Unable to read VR Path Registry from C:\Users\MAYANK\AppData\Local\openvr\openvrpaths.vrpath
Jul 16, 2018 17:36:30.20 Unable to read VR Path Registry from C:\Users\MAYANK\AppData\Local\openvr\openvrpaths.vrpath
Jul 16, 2018 17:36:30.98 Unable to read VR Path Registry from C:\Users\MAYANK\AppData\Local\openvr\openvrpaths.vrpath
Jul 16, 2018 17:36:31.72 Unable to read VR Path Registry from C:\Users\MAYANK\AppData\Local\openvr\openvrpaths.vrpath
Jul 16, 2018 17:52:38.39 Unable to read VR Path Registry from C:\Users\MAYANK\AppData\Local\openvr\openvrpaths.vrpath
Jul 16, 2018 18:01:53.88 Unable to read VR Path Registry from C:\Users\MAYANK\AppData\Local\openvr\openvrpaths.vrpath

Jul 16, 2018 20:00:23.19 NEW SESSION
Jul 16, 2018 20:00:23.20 Unable to read VR Path Registry from C:\Users\MAYANK\AppData\Local\openvr\openvrpaths.vrpath
Jul 16, 2018 20:00:23.74 Unable to read VR Path Registry from C:\Users\MAYANK\AppData\Local\openvr\openvrpaths.vrpath
Jul 16, 2018 20:00:24.26 Unable to read VR Path Registry from C:\Users\MAYANK\AppData\Local\openvr\openvrpaths.vrpath
Jul 16, 2018 20:00:25.53 Unable to read VR Path Registry from C:\Users\MAYANK\AppData\Local\openvr\openvrpaths.vrpath
Jul 16, 2018 20:00:26.25 Unable to read VR Path Registry from C:\Users\MAYANK\AppData\Local\openvr\openvrpaths.vrpath
Jul 16, 2018 20:01:54.40 Unable to read VR Path Registry from C:\Users\MAYANK\AppData\Local\openvr\openvrpaths.vrpath
Jul 16, 2018 20:03:18.26 Unable to read VR Path Registry from C:\Users\MAYANK\AppData\Local\openvr\openvrpaths.vrpath
Jul 16, 2018 20:06:33.29 [Parent 8504, Gecko_IOThread] WARNING: pipe error: 109: file z:/build/build/src/ipc/chromium/src/chrome/common/ipc_channel_win.cc, line 346
Jul 16, 2018 20:06:33.30 [Child 12152, Chrome_ChildThread] WARNING: pipe error: 109: file z:/build/build/src/ipc/chromium/src/chrome/common/ipc_channel_win.cc, line 346
Jul 16, 2018 20:06:33.31 [Child 12152, Chrome_ChildThread] WARNING: pipe error: 109: file z:/build/build/src/ipc/chromium/src/chrome/common/ipc_channel_win.cc, line 346

Jul 22, 2018 22:22:18.90 NEW SESSION
Jul 22, 2018 22:22:18.90 Unable to read VR Path Registry from C:\Users\MAYANK\AppData\Local\openvr\openvrpaths.vrpath
Jul 22, 2018 22:22:19.27 Unable to read VR Path Registry from C:\Users\MAYANK\AppData\Local\openvr\openvrpaths.vrpath
Jul 22, 2018 22:22:19.93 Unable to read VR Path Registry from C:\Users\MAYANK\AppData\Local\openvr\openvrpaths.vrpath
Jul 22, 2018 22:22:21.06 Unable to read VR Path Registry from C:\Users\MAYANK\AppData\Local\openvr\openvrpaths.vrpath
Jul 22, 2018 22:22:21.94 Unable to read VR Path Registry from C:\Users\MAYANK\AppData\Local\openvr\openvrpaths.vrpath
Jul 22, 2018 22:23:26.57 Unable to read VR Path Registry from C:\Users\MAYANK\AppData\Local\openvr\openvrpaths.vrpath
Jul 22, 2018 22:28:23.72 [Parent 2964, Gecko_IOThread] WARNING: pipe error: 109: file z:/build/build/src/ipc/chromium/src/chrome/common/ipc_channel_win.cc, line 346
Jul 22, 2018 22:28:23.73 [Child 2696, Chrome_ChildThread] WARNING: pipe error: 109: file z:/build/build/src/ipc/chromium/src/chrome/common/ipc_channel_win.cc, line 346
Jul 22, 2018 22:28:23.74 [Child 2696, Chrome_ChildThread] WARNING: pipe error: 109: file z:/build/build/src/ipc/chromium/src/chrome/common/ipc_channel_win.cc, line 346
Jul 22, 2018 22:28:25.53 [Child 6104, Chrome_ChildThread] WARNING: pipe error: 109: file z:/build/build/src/ipc/chromium/src/chrome/common/ipc_channel_win.cc, line 346
Jul 22, 2018 22:28:25.54 [Child 6104, Chrome_ChildThread] WARNING: pipe error: 109: file z:/build/build/src/ipc/chromium/src/chrome/common/ipc_channel_win.cc, line 346
Jul 22, 2018 22:28:25.57 [Parent 2964, Gecko_IOThread] WARNING: file z:/build/build/src/ipc/chromium/src/base/process_util_win.cc, line 188
Jul 22, 2018 22:28:25.58 [Child 11080, Chrome_ChildThread] WARNING: pipe error: 109: file z:/build/build/src/ipc/chromium/src/chrome/common/ipc_channel_win.cc, line 346
Jul 22, 2018 22:28:25.98 [Child 11080, Chrome_ChildThr
Jul 22, 2018 22:28:25.99 ###!!! [Child][MessageChannel::SendAndWait] Error: Channel error: cannot send/recv
Jul 22, 2018 22:28:25.99 

Jul 22, 2018 22:30:40.55 NEW SESSION
Jul 22, 2018 22:30:40.55 Unable to read VR Path Registry from C:\Users\MAYANK\AppData\Local\openvr\openvrpaths.vrpath
Jul 22, 2018 22:30:40.69 Unable to read VR Path Registry from C:\Users\MAYANK\AppData\Local\openvr\openvrpaths.vrpath
Jul 22, 2018 22:30:41.02 Unable to read VR Path Registry from C:\Users\MAYANK\AppData\Local\openvr\openvrpaths.vrpath
Jul 22, 2018 22:30:41.75 Unable to read VR Path Registry from C:\Users\MAYANK\AppData\Local\openvr\openvrpaths.vrpath
Jul 22, 2018 22:30:42.50 Unable to read VR Path Registry from C:\Users\MAYANK\AppData\Local\openvr\openvrpaths.vrpath

Jul 23, 2018 22:34:40.36 NEW SESSION
Jul 23, 2018 22:34:40.36 Unable to read VR Path Registry from C:\Users\MAYANK\AppData\Local\openvr\openvrpaths.vrpath
Jul 23, 2018 22:34:40.58 Unable to read VR Path Registry from C:\Users\MAYANK\AppData\Local\openvr\openvrpaths.vrpath
Jul 23, 2018 22:34:41.11 Unable to read VR Path Registry from C:\Users\MAYANK\AppData\Local\openvr\openvrpaths.vrpath
Jul 23, 2018 22:34:42.19 Unable to read VR Path Registry from C:\Users\MAYANK\AppData\Local\openvr\openvrpaths.vrpath
Jul 23, 2018 22:34:42.89 Unable to read VR Path Registry from C:\Users\MAYANK\AppData\Local\openvr\openvrpaths.vrpath
Jul 23, 2018 22:58:23.32 [Child 2940, Chrome_ChildThread] WARNING: pipe error: 109: file z:/build/build/src/ipc/chromium/src/chrome/common/ipc_channel_win.cc, line 346
Jul 23, 2018 22:58:23.33 [Child 2940, Chrome_ChildThread] WARNING: pipe error: 109: file z:/build/build/src/ipc/chromium/src/chrome/common/ipc_channel_win.cc, line 346
Jul 23, 2018 22:58:23.34 [Parent 10232, Gecko_IOThread] WARNING: pipe error: 109: file z:/build/build/src/ipc/chromium/src/chrome/common/ipc_channel_win.cc, line 346
Jul 23, 2018 22:58:23.37 [Child 1356, Chrome_ChildThread] WARNING: pipe error: 109: file z:/build/build/src/ipc/chromium/src/chrome/common/ipc_channel_win.cc, line 346
Jul 23, 2018 22:58:23.38 [Child 1356, Chrome_ChildThread] WARNING: pipe error: 109: file z:/build/build/src/ipc/chromium/src/chrome/common/ipc_channel_win.cc, line 346
Jul 23, 2018 22:58:23.41 [Child 8772, Chrome_ChildThread] WARNING: pipe error: 109: file z:/build/build/src/ipc/chromium/src/chrome/common/ipc_channel_win.cc, line 346
Jul 23, 2018 22:58:23.42 [Child 8772, Chrome_ChildThread] WARNING: pipe error: 109: file z:/build/build/src/ipc/chromium/src/chrome/common/ipc_channel_win.cc, line 346
Jul 23, 2018 22:58:23.69 
Jul 23, 2018 22:58:23.71 ###!!! [Child][MessageChannel::SendAndWait] Error: Channel error: cannot send/recv
Jul 23, 2018 22:58:23.72 
